<?xml version="1.0" encoding="UTF-8"?>
<!-- Generated by org.testng.reporters.JUnitXMLReporter -->
<testsuite hostname="SAG-8JC82X2" ignored="0" name="Test" tests="1" failures="1" timestamp="17 Sep 2019 13:42:51 GMT" time="3.016" errors="0">
  <testcase name="createImageForMAC" time="3.0" classname="pck.NewTest">
    <failure type="java.io.IOException" message="Cannot run program &amp;quot;/WM/opt/jdk1.8.0_latest/bin/java&amp;quot; (in directory &amp;quot;\WM\TESTSRV\testenv&amp;quot;): CreateProcess error=2, The system cannot find the file specified">
      <![CDATA[java.io.IOException: Cannot run program "/WM/opt/jdk1.8.0_latest/bin/java" (in directory "\WM\TESTSRV\testenv"): CreateProcess error=2, The system cannot find the file specified
	at java.lang.ProcessBuilder.start(ProcessBuilder.java:1048)
	at pck.NewTest.createImageForMAC(NewTest.java:20)
Caused by: java.io.IOException: CreateProcess error=2, The system cannot find the file specified
	at java.lang.ProcessImpl.create(Native Method)
	at java.lang.ProcessImpl.<init>(ProcessImpl.java:386)
	at java.lang.ProcessImpl.start(ProcessImpl.java:137)
	at java.lang.ProcessBuilder.start(ProcessBuilder.java:1029)
	... 26 more
... Removed 25 stack frames]]>
    </failure>
  </testcase> <!-- createImageForMAC -->
</testsuite> <!-- Test -->
