<?xml version="1.0" encoding="UTF-8"?>
<!-- Generated by org.testng.reporters.JUnitXMLReporter -->
<testsuite hostname="SAG-8JC82X2" name="Test" tests="1" failures="1" timestamp="17 Sep 2019 10:01:45 GMT" time="1.951" errors="0">
  <testcase name="createImageForMAC" time="1.939" classname="pck.NewTest">
    <failure type="java.io.IOException" message="Cannot run program &amp;quot;/usr/bin/java&amp;quot; (in directory &amp;quot;\WM\TESTSRV\testenv&amp;quot;): CreateProcess error=2, The system cannot find the file specified">
      <![CDATA[java.io.IOException: Cannot run program "/usr/bin/java" (in directory "\WM\TESTSRV\testenv"): CreateProcess error=2, The system cannot find the file specified
	at java.lang.ProcessBuilder.start(ProcessBuilder.java:1048)
	at pck.NewTest.createImageForMAC(NewTest.java:19)
Caused by: java.io.IOException: CreateProcess error=2, The system cannot find the file specified
	at java.lang.ProcessImpl.create(Native Method)
	at java.lang.ProcessImpl.<init>(ProcessImpl.java:386)
	at java.lang.ProcessImpl.start(ProcessImpl.java:137)
	at java.lang.ProcessBuilder.start(ProcessBuilder.java:1029)
	... 29 more
... Removed 28 stack frames]]>
    </failure>
  </testcase> <!-- createImageForMAC -->
</testsuite> <!-- Test -->
