<?xml version="1.0" encoding="UTF-8"?>
<testsuite xmlns:xsi="http://www.w3.org/2001/XMLSchema-instance" xsi:noNamespaceSchemaLocation="https://maven.apache.org/surefire/maven-surefire-plugin/xsd/surefire-test-report-3.0.xsd" version="3.0" name="TestSuite" time="2.38" tests="1" errors="0" skipped="0" failures="1">
  <properties>
[...]
</properties>
  <testcase name="createImageForMAC" classname="pck.NewTest" time="1.944">
    <failure message="Cannot run program &quot;/usr/bin/java&quot; (in directory &quot;\WM\TESTSRV\testenv&quot;): CreateProcess error=2, The system cannot find the file specified" type="java.io.IOException">java.io.IOException: Cannot run program "/usr/bin/java" (in directory "\WM\TESTSRV\testenv"): CreateProcess error=2, The system cannot find the file specified
	at pck.NewTest.createImageForMAC(NewTest.java:19)
Caused by: java.io.IOException: CreateProcess error=2, The system cannot find the file specified
	at pck.NewTest.createImageForMAC(NewTest.java:19)
</failure>
  </testcase>
</testsuite>